  Model.cpp
  Engine.vcxproj -> F:\Team_resource\Raji_Project\LTP\Engine\default\../bin/Engine.dll
  Engine.vcxproj -> ../bin/Engine.pdb (Partial PDB)
  ..\Public\AnimationClip.h
  ..\Public\Base.h
  ..\Public\Camera.h
  ..\Public\ClipBone.h
  ..\Public\Collider.h
  ..\Public\ColliderBuffer.h
  ..\Public\CollisionMgr.h
  ..\Public\Component.h
  ..\Public\ComponentMgr.h
  ..\Public\d3dx11effect.h
  ..\Public\d3dxGlobal.h
  ..\Public\DebugDraw.h
  ..\Public\EasingMgr.h
  ..\Public\Engine_Define.h
  ..\Public\Engine_Description.h
  ..\Public\Engine_Enum.h
  ..\Public\Engine_Function.h
  ..\Public\Engine_Macro.h
  ..\Public\Engine_Struct.h
  ..\Public\Engine_Typedef.h
  ..\Public\ExternFont.h
  ..\Public\ExternFontMgr.h
  ..\Public\FileInfoMgr.h
  ..\Public\fmod.cs
  ..\Public\fmod.h
  ..\Public\fmod.hpp
  ..\Public\fmod_codec.h
  ..\Public\fmod_common.h
  ..\Public\fmod_dsp.cs
  ..\Public\fmod_dsp.h
  ..\Public\fmod_dsp_effects.h
  ..\Public\fmod_errors.cs
  ..\Public\fmod_errors.h
  ..\Public\fmod_output.h
  ..\Public\FrustumMgr.h
  ..\Public\GameInstance.h
  ..\Public\GameObject.h
  ..\Public\Graphic_Device.h
  ..\Public\HierarchyNode.h
  ..\Public\imconfig.h
  ..\Public\imgui.h
  ..\Public\imgui_impl_dx11.h
  ..\Public\imgui_impl_win32.h
  ..\Public\imgui_internal.h
  ..\Public\imstb_rectpack.h
  ..\Public\imstb_textedit.h
  ..\Public\imstb_truetype.h
  ..\Public\Input_Device.h
  ..\Public\Light.h
  ..\Public\LightMgr.h
  ..\Public\MeshContainer.h
  ..\Public\Model.h
  ..\Public\ObjectLayer.h
  ..\Public\ObjectMgr.h
  ..\Public\PipeLineMgr.h
  ..\Public\Renderer.h
  ..\Public\RenderTargetLayer.h
  ..\Public\RenderTargetMgr.h
  ..\Public\Scene.h
  ..\Public\SceneMgr.h
  ..\Public\Shader.h
  ..\Public\SoundMgr.h
  ..\Public\Texture.h
  ..\Public\TextureLayer.h
  ..\Public\ThreadMgr.h
  ..\Public\TimeMgr.h
  ..\Public\Timer.h
  ..\Public\Transform.h
  ..\Public\VIBuffer.h
  ..\Public\VIBuffer_Cube.h
  ..\Public\VIBuffer_DynamicTerrain.h
  ..\Public\VIBuffer_Point_Instance.h
  ..\Public\VIBuffer_Rect.h
  ..\Public\VIBuffer_Terrain.h
  ..\Public\assimp\.editorconfig
  ..\Public\assimp\aabb.h
  ..\Public\assimp\ai_assert.h
  ..\Public\assimp\anim.h
  ..\Public\assimp\BaseImporter.h
  ..\Public\assimp\Bitmap.h
  ..\Public\assimp\BlobIOSystem.h
  ..\Public\assimp\ByteSwapper.h
  ..\Public\assimp\camera.h
  ..\Public\assimp\cexport.h
  ..\Public\assimp\cfileio.h
  ..\Public\assimp\cimport.h
  ..\Public\assimp\color4.h
  ..\Public\assimp\color4.inl
  ..\Public\assimp\config.h
  ..\Public\assimp\config.h.in
  ..\Public\assimp\CreateAnimMesh.h
  ..\Public\assimp\DefaultIOStream.h
  ..\Public\assimp\DefaultIOSystem.h
  ..\Public\assimp\DefaultLogger.hpp
  ..\Public\assimp\Defines.h
  ..\Public\assimp\defs.h
  ..\Public\assimp\Exceptional.h
  ..\Public\assimp\Exporter.hpp
  ..\Public\assimp\fast_atof.h
  ..\Public\assimp\GenericProperty.h
  ..\Public\assimp\Hash.h
  ..\Public\assimp\Importer.hpp
  ..\Public\assimp\importerdesc.h
  ..\Public\assimp\IOStream.hpp
  ..\Public\assimp\IOStreamBuffer.h
  ..\Public\assimp\IOSystem.hpp
  ..\Public\assimp\irrXMLWrapper.h
  ..\Public\assimp\light.h
  ..\Public\assimp\LineSplitter.h
  ..\Public\assimp\LogAux.h
  ..\Public\assimp\Logger.hpp
  ..\Public\assimp\LogStream.hpp
  ..\Public\assimp\Macros.h
  ..\Public\assimp\material.h
  ..\Public\assimp\material.inl
  ..\Public\assimp\MathFunctions.h
  ..\Public\assimp\matrix3x3.h
  ..\Public\assimp\matrix3x3.inl
  ..\Public\assimp\matrix4x4.h
  ..\Public\assimp\matrix4x4.inl
  ..\Public\assimp\MemoryIOWrapper.h
  ..\Public\assimp\mesh.h
  ..\Public\assimp\metadata.h
  ..\Public\assimp\NullLogger.hpp
  ..\Public\assimp\ParsingUtils.h
  ..\Public\assimp\pbrmaterial.h
  ..\Public\assimp\postprocess.h
  ..\Public\assimp\Profiler.h
  ..\Public\assimp\ProgressHandler.hpp
  ..\Public\assimp\qnan.h
  ..\Public\assimp\quaternion.h
  ..\Public\assimp\quaternion.inl
  ..\Public\assimp\RemoveComments.h
  ..\Public\assimp\scene.h
  ..\Public\assimp\SceneCombiner.h
  ..\Public\assimp\SGSpatialSort.h
  ..\Public\assimp\SkeletonMeshBuilder.h
  ..\Public\assimp\SmoothingGroups.h
  ..\Public\assimp\SmoothingGroups.inl
  ..\Public\assimp\SpatialSort.h
  ..\Public\assimp\StandardShapes.h
  ..\Public\assimp\StreamReader.h
  ..\Public\assimp\StreamWriter.h
  ..\Public\assimp\StringComparison.h
  ..\Public\assimp\StringUtils.h
  ..\Public\assimp\Subdivision.h
  ..\Public\assimp\texture.h
  ..\Public\assimp\TinyFormatter.h
  ..\Public\assimp\types.h
  ..\Public\assimp\vector2.h
  ..\Public\assimp\vector2.inl
  ..\Public\assimp\vector3.h
  ..\Public\assimp\vector3.inl
  ..\Public\assimp\version.h
  ..\Public\assimp\Vertex.h
  ..\Public\assimp\XMLTools.h
  ..\Public\assimp\ZipArchiveIOSystem.h
  ..\Public\assimp\Compiler\poppack1.h
  ..\Public\assimp\Compiler\pstdint.h
  ..\Public\assimp\Compiler\pushpack1.h
  ..\Public\assimp\port\AndroidJNI\AndroidJNIIOSystem.h
  ..\Public\DirectXTK\Audio.h
  ..\Public\DirectXTK\CommonStates.h
  ..\Public\DirectXTK\DDSTextureLoader.h
  ..\Public\DirectXTK\DirectXHelpers.h
  ..\Public\DirectXTK\Effects.h
  ..\Public\DirectXTK\GamePad.h
  ..\Public\DirectXTK\GeometricPrimitive.h
  ..\Public\DirectXTK\GraphicsMemory.h
  ..\Public\DirectXTK\Keyboard.h
  ..\Public\DirectXTK\Model.h
  ..\Public\DirectXTK\Mouse.h
  ..\Public\DirectXTK\PostProcess.h
  ..\Public\DirectXTK\PrimitiveBatch.h
  ..\Public\DirectXTK\ScreenGrab.h
  ..\Public\DirectXTK\SimpleMath.h
  ..\Public\DirectXTK\SimpleMath.inl
  ..\Public\DirectXTK\SpriteBatch.h
  ..\Public\DirectXTK\SpriteFont.h
  ..\Public\DirectXTK\VertexTypes.h
  ..\Public\DirectXTK\WICTextureLoader.h
  ..\Public\DirectXTK\XboxDDSTextureLoader.h
  182개 파일이 복사되었습니다.
  ..\Bin\Engine.lib
  1개 파일이 복사되었습니다.
  ..\Bin\ShaderFiles\Shader_Deferred.hlsl
  1개 파일이 복사되었습니다.
  ..\Bin\Engine.dll
  1개 파일이 복사되었습니다.
  ..\Bin\Engine.dll
  1개 파일이 복사되었습니다.
  ..\ThirdPartyLib\assimp-vc140-mt.lib
  ..\ThirdPartyLib\assimp-vc140-mtd.lib
  ..\ThirdPartyLib\DirectXTK.lib
  ..\ThirdPartyLib\DirectXTKd.lib
  ..\ThirdPartyLib\Effects11.lib
  ..\ThirdPartyLib\Effects11d.lib
  ..\ThirdPartyLib\fmodL_vc.lib
  ..\ThirdPartyLib\fmod_vc.lib
  8개 파일이 복사되었습니다.
  ..\ThirdPartyLib\assimp-vc140-mt.dll
  ..\ThirdPartyLib\assimp-vc140-mtd.dll
  ..\ThirdPartyLib\fmod.dll
  ..\ThirdPartyLib\fmodL.dll
  4개 파일이 복사되었습니다.
  ..\ThirdPartyLib\assimp-vc140-mt.dll
  ..\ThirdPartyLib\assimp-vc140-mtd.dll
  ..\ThirdPartyLib\fmod.dll
  ..\ThirdPartyLib\fmodL.dll
  4개 파일이 복사되었습니다.
